Compiling the CXX compiler identification source file "CMakeCXXCompilerId.cpp" failed.
Compiler: /usr/bin/clang++-14 
Build flags: 
Id flags:  

The output was:
1
/usr/bin/ld: cannot find -lstdc++: No such file or directory
clang: error: linker command failed with exit code 1 (use -v to see invocation)


Detecting CXX compiler ABI info failed to compile with the following output:
Change Dir: /home/ecm/ws_msp/src/msp_offboard_controller/build/CMakeFiles/CMakeTmp

Run Build Command(s):/usr/bin/ninja cmTC_0dbef && [1/2] Building CXX object CMakeFiles/cmTC_0dbef.dir/CMakeCXXCompilerABI.cpp.o
Ubuntu clang version 14.0.0-1ubuntu1.1
Target: aarch64-unknown-linux-gnu
Thread model: posix
InstalledDir: /usr/bin
Found candidate GCC installation: /usr/bin/../lib/gcc/aarch64-linux-gnu/11
Found candidate GCC installation: /usr/bin/../lib/gcc/aarch64-linux-gnu/12
Selected GCC installation: /usr/bin/../lib/gcc/aarch64-linux-gnu/12
Candidate multilib: .;@m64
Selected multilib: .;@m64
 (in-process)
 "/usr/lib/llvm-14/bin/clang" -cc1 -triple aarch64-unknown-linux-gnu -emit-obj -mrelax-all --mrelax-relocations -disable-free -clear-ast-before-backend -disable-llvm-verifier -discard-value-names -main-file-name CMakeCXXCompilerABI.cpp -mrelocation-model pic -pic-level 2 -pic-is-pie -mframe-pointer=non-leaf -fmath-errno -ffp-contract=on -fno-rounding-math -mconstructor-aliases -funwind-tables=2 -target-cpu generic -target-feature +neon -target-feature +v8a -target-abi aapcs -fallow-half-arguments-and-returns -mllvm -treat-scalable-fixed-error-as-warning -debugger-tuning=gdb -v -fcoverage-compilation-dir=/home/ecm/ws_msp/src/msp_offboard_controller/build/CMakeFiles/CMakeTmp -resource-dir /usr/lib/llvm-14/lib/clang/14.0.0 -dependency-file CMakeFiles/cmTC_0dbef.dir/CMakeCXXCompilerABI.cpp.o.d -MT CMakeFiles/cmTC_0dbef.dir/CMakeCXXCompilerABI.cpp.o -sys-header-deps -internal-isystem /usr/bin/../lib/gcc/aarch64-linux-gnu/12/../../../../include/c++ -internal-isystem /usr/bin/../lib/gcc/aarch64-linux-gnu/12/../../../../include/c++/aarch64-linux-gnu -internal-isystem /usr/bin/../lib/gcc/aarch64-linux-gnu/12/../../../../include/c++/backward -internal-isystem /usr/lib/llvm-14/lib/clang/14.0.0/include -internal-isystem /usr/local/include -internal-isystem /usr/bin/../lib/gcc/aarch64-linux-gnu/12/../../../../aarch64-linux-gnu/include -internal-externc-isystem /usr/include/aarch64-linux-gnu -internal-externc-isystem /include -internal-externc-isystem /usr/include -fdeprecated-macro -fdebug-compilation-dir=/home/ecm/ws_msp/src/msp_offboard_controller/build/CMakeFiles/CMakeTmp -ferror-limit 19 -fno-signed-char -fgnuc-version=4.2.1 -fcxx-exceptions -fexceptions -target-feature +outline-atomics -faddrsig -D__GCC_HAVE_DWARF2_CFI_ASM=1 -o CMakeFiles/cmTC_0dbef.dir/CMakeCXXCompilerABI.cpp.o -x c++ /usr/share/cmake-3.22/Modules/CMakeCXXCompilerABI.cpp
clang -cc1 version 14.0.0 based upon LLVM 14.0.0 default target aarch64-unknown-linux-gnu
ignoring nonexistent directory "/usr/bin/../lib/gcc/aarch64-linux-gnu/12/../../../../include/c++/aarch64-linux-gnu"
ignoring nonexistent directory "/usr/bin/../lib/gcc/aarch64-linux-gnu/12/../../../../include/c++/backward"
ignoring nonexistent directory "/usr/bin/../lib/gcc/aarch64-linux-gnu/12/../../../../aarch64-linux-gnu/include"
ignoring nonexistent directory "/include"
#include "..." search starts here:
#include <...> search starts here:
 /usr/bin/../lib/gcc/aarch64-linux-gnu/12/../../../../include/c++
 /usr/lib/llvm-14/lib/clang/14.0.0/include
 /usr/local/include
 /usr/include/aarch64-linux-gnu
 /usr/include
End of search list.
[2/2] Linking CXX executable cmTC_0dbef
FAILED: cmTC_0dbef 
: && /usr/bin/clang++-14  -v CMakeFiles/cmTC_0dbef.dir/CMakeCXXCompilerABI.cpp.o -o cmTC_0dbef   && :
Ubuntu clang version 14.0.0-1ubuntu1.1
Target: aarch64-unknown-linux-gnu
Thread model: posix
InstalledDir: /usr/bin
Found candidate GCC installation: /usr/bin/../lib/gcc/aarch64-linux-gnu/11
Found candidate GCC installation: /usr/bin/../lib/gcc/aarch64-linux-gnu/12
Selected GCC installation: /usr/bin/../lib/gcc/aarch64-linux-gnu/12
Candidate multilib: .;@m64
Selected multilib: .;@m64
 "/usr/bin/ld" -pie -EL -z relro --hash-style=gnu --build-id --eh-frame-hdr -m aarch64linux -dynamic-linker /lib/ld-linux-aarch64.so.1 -o cmTC_0dbef /lib/aarch64-linux-gnu/Scrt1.o /lib/aarch64-linux-gnu/crti.o /usr/bin/../lib/gcc/aarch64-linux-gnu/12/crtbeginS.o -L/usr/bin/../lib/gcc/aarch64-linux-gnu/12 -L/lib/aarch64-linux-gnu -L/usr/lib/aarch64-linux-gnu -L/usr/lib/llvm-14/bin/../lib -L/lib -L/usr/lib CMakeFiles/cmTC_0dbef.dir/CMakeCXXCompilerABI.cpp.o -lstdc++ -lm -lgcc_s -lgcc -lc -lgcc_s -lgcc /usr/bin/../lib/gcc/aarch64-linux-gnu/12/crtendS.o /lib/aarch64-linux-gnu/crtn.o
/usr/bin/ld: cannot find -lstdc++: No such file or directory
clang: error: linker command failed with exit code 1 (use -v to see invocation)
ninja: build stopped: subcommand failed.




Determining if the CXX compiler works failed with the following output:
Change Dir: /home/ecm/ws_msp/src/msp_offboard_controller/build/CMakeFiles/CMakeTmp

Run Build Command(s):/usr/bin/ninja cmTC_ce648 && [1/2] Building CXX object CMakeFiles/cmTC_ce648.dir/testCXXCompiler.cxx.o
[2/2] Linking CXX executable cmTC_ce648
FAILED: cmTC_ce648 
: && /usr/bin/clang++-14   CMakeFiles/cmTC_ce648.dir/testCXXCompiler.cxx.o -o cmTC_ce648   && :
/usr/bin/ld: cannot find -lstdc++: No such file or directory
clang: error: linker command failed with exit code 1 (use -v to see invocation)
ninja: build stopped: subcommand failed.



Compiling the CXX compiler identification source file "CMakeCXXCompilerId.cpp" failed.
Compiler: /usr/bin/clang++-14 
Build flags: 
Id flags:  

The output was:
1
/usr/bin/ld: cannot find -lstdc++: No such file or directory
clang: error: linker command failed with exit code 1 (use -v to see invocation)


Detecting CXX compiler ABI info failed to compile with the following output:
Change Dir: /home/ecm/ws_msp/src/msp_offboard_controller/build/CMakeFiles/CMakeTmp

Run Build Command(s):/usr/bin/ninja cmTC_f5491 && [1/2] Building CXX object CMakeFiles/cmTC_f5491.dir/CMakeCXXCompilerABI.cpp.o
Ubuntu clang version 14.0.0-1ubuntu1.1
Target: aarch64-unknown-linux-gnu
Thread model: posix
InstalledDir: /usr/bin
Found candidate GCC installation: /usr/bin/../lib/gcc/aarch64-linux-gnu/11
Found candidate GCC installation: /usr/bin/../lib/gcc/aarch64-linux-gnu/12
Selected GCC installation: /usr/bin/../lib/gcc/aarch64-linux-gnu/12
Candidate multilib: .;@m64
Selected multilib: .;@m64
 (in-process)
 "/usr/lib/llvm-14/bin/clang" -cc1 -triple aarch64-unknown-linux-gnu -emit-obj -mrelax-all --mrelax-relocations -disable-free -clear-ast-before-backend -disable-llvm-verifier -discard-value-names -main-file-name CMakeCXXCompilerABI.cpp -mrelocation-model pic -pic-level 2 -pic-is-pie -mframe-pointer=non-leaf -fmath-errno -ffp-contract=on -fno-rounding-math -mconstructor-aliases -funwind-tables=2 -target-cpu generic -target-feature +neon -target-feature +v8a -target-abi aapcs -fallow-half-arguments-and-returns -mllvm -treat-scalable-fixed-error-as-warning -debugger-tuning=gdb -v -fcoverage-compilation-dir=/home/ecm/ws_msp/src/msp_offboard_controller/build/CMakeFiles/CMakeTmp -resource-dir /usr/lib/llvm-14/lib/clang/14.0.0 -dependency-file CMakeFiles/cmTC_f5491.dir/CMakeCXXCompilerABI.cpp.o.d -MT CMakeFiles/cmTC_f5491.dir/CMakeCXXCompilerABI.cpp.o -sys-header-deps -internal-isystem /usr/bin/../lib/gcc/aarch64-linux-gnu/12/../../../../include/c++ -internal-isystem /usr/bin/../lib/gcc/aarch64-linux-gnu/12/../../../../include/c++/aarch64-linux-gnu -internal-isystem /usr/bin/../lib/gcc/aarch64-linux-gnu/12/../../../../include/c++/backward -internal-isystem /usr/lib/llvm-14/lib/clang/14.0.0/include -internal-isystem /usr/local/include -internal-isystem /usr/bin/../lib/gcc/aarch64-linux-gnu/12/../../../../aarch64-linux-gnu/include -internal-externc-isystem /usr/include/aarch64-linux-gnu -internal-externc-isystem /include -internal-externc-isystem /usr/include -fdeprecated-macro -fdebug-compilation-dir=/home/ecm/ws_msp/src/msp_offboard_controller/build/CMakeFiles/CMakeTmp -ferror-limit 19 -fno-signed-char -fgnuc-version=4.2.1 -fcxx-exceptions -fexceptions -target-feature +outline-atomics -faddrsig -D__GCC_HAVE_DWARF2_CFI_ASM=1 -o CMakeFiles/cmTC_f5491.dir/CMakeCXXCompilerABI.cpp.o -x c++ /usr/share/cmake-3.22/Modules/CMakeCXXCompilerABI.cpp
clang -cc1 version 14.0.0 based upon LLVM 14.0.0 default target aarch64-unknown-linux-gnu
ignoring nonexistent directory "/usr/bin/../lib/gcc/aarch64-linux-gnu/12/../../../../include/c++/aarch64-linux-gnu"
ignoring nonexistent directory "/usr/bin/../lib/gcc/aarch64-linux-gnu/12/../../../../include/c++/backward"
ignoring nonexistent directory "/usr/bin/../lib/gcc/aarch64-linux-gnu/12/../../../../aarch64-linux-gnu/include"
ignoring nonexistent directory "/include"
#include "..." search starts here:
#include <...> search starts here:
 /usr/bin/../lib/gcc/aarch64-linux-gnu/12/../../../../include/c++
 /usr/lib/llvm-14/lib/clang/14.0.0/include
 /usr/local/include
 /usr/include/aarch64-linux-gnu
 /usr/include
End of search list.
[2/2] Linking CXX executable cmTC_f5491
FAILED: cmTC_f5491 
: && /usr/bin/clang++-14  -v CMakeFiles/cmTC_f5491.dir/CMakeCXXCompilerABI.cpp.o -o cmTC_f5491   && :
Ubuntu clang version 14.0.0-1ubuntu1.1
Target: aarch64-unknown-linux-gnu
Thread model: posix
InstalledDir: /usr/bin
Found candidate GCC installation: /usr/bin/../lib/gcc/aarch64-linux-gnu/11
Found candidate GCC installation: /usr/bin/../lib/gcc/aarch64-linux-gnu/12
Selected GCC installation: /usr/bin/../lib/gcc/aarch64-linux-gnu/12
Candidate multilib: .;@m64
Selected multilib: .;@m64
 "/usr/bin/ld" -pie -EL -z relro --hash-style=gnu --build-id --eh-frame-hdr -m aarch64linux -dynamic-linker /lib/ld-linux-aarch64.so.1 -o cmTC_f5491 /lib/aarch64-linux-gnu/Scrt1.o /lib/aarch64-linux-gnu/crti.o /usr/bin/../lib/gcc/aarch64-linux-gnu/12/crtbeginS.o -L/usr/bin/../lib/gcc/aarch64-linux-gnu/12 -L/lib/aarch64-linux-gnu -L/usr/lib/aarch64-linux-gnu -L/usr/lib/llvm-14/bin/../lib -L/lib -L/usr/lib CMakeFiles/cmTC_f5491.dir/CMakeCXXCompilerABI.cpp.o -lstdc++ -lm -lgcc_s -lgcc -lc -lgcc_s -lgcc /usr/bin/../lib/gcc/aarch64-linux-gnu/12/crtendS.o /lib/aarch64-linux-gnu/crtn.o
/usr/bin/ld: cannot find -lstdc++: No such file or directory
clang: error: linker command failed with exit code 1 (use -v to see invocation)
ninja: build stopped: subcommand failed.




Determining if the CXX compiler works failed with the following output:
Change Dir: /home/ecm/ws_msp/src/msp_offboard_controller/build/CMakeFiles/CMakeTmp

Run Build Command(s):/usr/bin/ninja cmTC_eaac4 && [1/2] Building CXX object CMakeFiles/cmTC_eaac4.dir/testCXXCompiler.cxx.o
[2/2] Linking CXX executable cmTC_eaac4
FAILED: cmTC_eaac4 
: && /usr/bin/clang++-14   CMakeFiles/cmTC_eaac4.dir/testCXXCompiler.cxx.o -o cmTC_eaac4   && :
/usr/bin/ld: cannot find -lstdc++: No such file or directory
clang: error: linker command failed with exit code 1 (use -v to see invocation)
ninja: build stopped: subcommand failed.



Compiling the CXX compiler identification source file "CMakeCXXCompilerId.cpp" failed.
Compiler: /usr/bin/clang++-14 
Build flags: 
Id flags:  

The output was:
1
/usr/bin/ld: cannot find -lstdc++: No such file or directory
clang: error: linker command failed with exit code 1 (use -v to see invocation)


Detecting CXX compiler ABI info failed to compile with the following output:
Change Dir: /home/ecm/ws_msp/src/msp_offboard_controller/build/CMakeFiles/CMakeTmp

Run Build Command(s):/usr/bin/ninja cmTC_592f1 && [1/2] Building CXX object CMakeFiles/cmTC_592f1.dir/CMakeCXXCompilerABI.cpp.o
Ubuntu clang version 14.0.0-1ubuntu1.1
Target: aarch64-unknown-linux-gnu
Thread model: posix
InstalledDir: /usr/bin
Found candidate GCC installation: /usr/bin/../lib/gcc/aarch64-linux-gnu/11
Found candidate GCC installation: /usr/bin/../lib/gcc/aarch64-linux-gnu/12
Selected GCC installation: /usr/bin/../lib/gcc/aarch64-linux-gnu/12
Candidate multilib: .;@m64
Selected multilib: .;@m64
 (in-process)
 "/usr/lib/llvm-14/bin/clang" -cc1 -triple aarch64-unknown-linux-gnu -emit-obj -mrelax-all --mrelax-relocations -disable-free -clear-ast-before-backend -disable-llvm-verifier -discard-value-names -main-file-name CMakeCXXCompilerABI.cpp -mrelocation-model pic -pic-level 2 -pic-is-pie -mframe-pointer=non-leaf -fmath-errno -ffp-contract=on -fno-rounding-math -mconstructor-aliases -funwind-tables=2 -target-cpu generic -target-feature +neon -target-feature +v8a -target-abi aapcs -fallow-half-arguments-and-returns -mllvm -treat-scalable-fixed-error-as-warning -debugger-tuning=gdb -v -fcoverage-compilation-dir=/home/ecm/ws_msp/src/msp_offboard_controller/build/CMakeFiles/CMakeTmp -resource-dir /usr/lib/llvm-14/lib/clang/14.0.0 -dependency-file CMakeFiles/cmTC_592f1.dir/CMakeCXXCompilerABI.cpp.o.d -MT CMakeFiles/cmTC_592f1.dir/CMakeCXXCompilerABI.cpp.o -sys-header-deps -internal-isystem /usr/bin/../lib/gcc/aarch64-linux-gnu/12/../../../../include/c++ -internal-isystem /usr/bin/../lib/gcc/aarch64-linux-gnu/12/../../../../include/c++/aarch64-linux-gnu -internal-isystem /usr/bin/../lib/gcc/aarch64-linux-gnu/12/../../../../include/c++/backward -internal-isystem /usr/lib/llvm-14/lib/clang/14.0.0/include -internal-isystem /usr/local/include -internal-isystem /usr/bin/../lib/gcc/aarch64-linux-gnu/12/../../../../aarch64-linux-gnu/include -internal-externc-isystem /usr/include/aarch64-linux-gnu -internal-externc-isystem /include -internal-externc-isystem /usr/include -fdeprecated-macro -fdebug-compilation-dir=/home/ecm/ws_msp/src/msp_offboard_controller/build/CMakeFiles/CMakeTmp -ferror-limit 19 -fno-signed-char -fgnuc-version=4.2.1 -fcxx-exceptions -fexceptions -target-feature +outline-atomics -faddrsig -D__GCC_HAVE_DWARF2_CFI_ASM=1 -o CMakeFiles/cmTC_592f1.dir/CMakeCXXCompilerABI.cpp.o -x c++ /usr/share/cmake-3.22/Modules/CMakeCXXCompilerABI.cpp
clang -cc1 version 14.0.0 based upon LLVM 14.0.0 default target aarch64-unknown-linux-gnu
ignoring nonexistent directory "/usr/bin/../lib/gcc/aarch64-linux-gnu/12/../../../../include/c++/aarch64-linux-gnu"
ignoring nonexistent directory "/usr/bin/../lib/gcc/aarch64-linux-gnu/12/../../../../include/c++/backward"
ignoring nonexistent directory "/usr/bin/../lib/gcc/aarch64-linux-gnu/12/../../../../aarch64-linux-gnu/include"
ignoring nonexistent directory "/include"
#include "..." search starts here:
#include <...> search starts here:
 /usr/bin/../lib/gcc/aarch64-linux-gnu/12/../../../../include/c++
 /usr/lib/llvm-14/lib/clang/14.0.0/include
 /usr/local/include
 /usr/include/aarch64-linux-gnu
 /usr/include
End of search list.
[2/2] Linking CXX executable cmTC_592f1
FAILED: cmTC_592f1 
: && /usr/bin/clang++-14  -v CMakeFiles/cmTC_592f1.dir/CMakeCXXCompilerABI.cpp.o -o cmTC_592f1   && :
Ubuntu clang version 14.0.0-1ubuntu1.1
Target: aarch64-unknown-linux-gnu
Thread model: posix
InstalledDir: /usr/bin
Found candidate GCC installation: /usr/bin/../lib/gcc/aarch64-linux-gnu/11
Found candidate GCC installation: /usr/bin/../lib/gcc/aarch64-linux-gnu/12
Selected GCC installation: /usr/bin/../lib/gcc/aarch64-linux-gnu/12
Candidate multilib: .;@m64
Selected multilib: .;@m64
 "/usr/bin/ld" -pie -EL -z relro --hash-style=gnu --build-id --eh-frame-hdr -m aarch64linux -dynamic-linker /lib/ld-linux-aarch64.so.1 -o cmTC_592f1 /lib/aarch64-linux-gnu/Scrt1.o /lib/aarch64-linux-gnu/crti.o /usr/bin/../lib/gcc/aarch64-linux-gnu/12/crtbeginS.o -L/usr/bin/../lib/gcc/aarch64-linux-gnu/12 -L/lib/aarch64-linux-gnu -L/usr/lib/aarch64-linux-gnu -L/usr/lib/llvm-14/bin/../lib -L/lib -L/usr/lib CMakeFiles/cmTC_592f1.dir/CMakeCXXCompilerABI.cpp.o -lstdc++ -lm -lgcc_s -lgcc -lc -lgcc_s -lgcc /usr/bin/../lib/gcc/aarch64-linux-gnu/12/crtendS.o /lib/aarch64-linux-gnu/crtn.o
/usr/bin/ld: cannot find -lstdc++: No such file or directory
clang: error: linker command failed with exit code 1 (use -v to see invocation)
ninja: build stopped: subcommand failed.




Determining if the CXX compiler works failed with the following output:
Change Dir: /home/ecm/ws_msp/src/msp_offboard_controller/build/CMakeFiles/CMakeTmp

Run Build Command(s):/usr/bin/ninja cmTC_5e19b && [1/2] Building CXX object CMakeFiles/cmTC_5e19b.dir/testCXXCompiler.cxx.o
[2/2] Linking CXX executable cmTC_5e19b
FAILED: cmTC_5e19b 
: && /usr/bin/clang++-14   CMakeFiles/cmTC_5e19b.dir/testCXXCompiler.cxx.o -o cmTC_5e19b   && :
/usr/bin/ld: cannot find -lstdc++: No such file or directory
clang: error: linker command failed with exit code 1 (use -v to see invocation)
ninja: build stopped: subcommand failed.



Compiling the CXX compiler identification source file "CMakeCXXCompilerId.cpp" failed.
Compiler: /usr/bin/clang++-14 
Build flags: 
Id flags:  

The output was:
1
/usr/bin/ld: cannot find -lstdc++: No such file or directory
clang: error: linker command failed with exit code 1 (use -v to see invocation)


Detecting CXX compiler ABI info failed to compile with the following output:
Change Dir: /home/ecm/ws_msp/src/msp_offboard_controller/build/CMakeFiles/CMakeTmp

Run Build Command(s):/usr/bin/ninja cmTC_b4c7c && [1/2] Building CXX object CMakeFiles/cmTC_b4c7c.dir/CMakeCXXCompilerABI.cpp.o
Ubuntu clang version 14.0.0-1ubuntu1.1
Target: aarch64-unknown-linux-gnu
Thread model: posix
InstalledDir: /usr/bin
Found candidate GCC installation: /usr/bin/../lib/gcc/aarch64-linux-gnu/11
Found candidate GCC installation: /usr/bin/../lib/gcc/aarch64-linux-gnu/12
Selected GCC installation: /usr/bin/../lib/gcc/aarch64-linux-gnu/12
Candidate multilib: .;@m64
Selected multilib: .;@m64
 (in-process)
 "/usr/lib/llvm-14/bin/clang" -cc1 -triple aarch64-unknown-linux-gnu -emit-obj -mrelax-all --mrelax-relocations -disable-free -clear-ast-before-backend -disable-llvm-verifier -discard-value-names -main-file-name CMakeCXXCompilerABI.cpp -mrelocation-model pic -pic-level 2 -pic-is-pie -mframe-pointer=non-leaf -fmath-errno -ffp-contract=on -fno-rounding-math -mconstructor-aliases -funwind-tables=2 -target-cpu generic -target-feature +neon -target-feature +v8a -target-abi aapcs -fallow-half-arguments-and-returns -mllvm -treat-scalable-fixed-error-as-warning -debugger-tuning=gdb -v -fcoverage-compilation-dir=/home/ecm/ws_msp/src/msp_offboard_controller/build/CMakeFiles/CMakeTmp -resource-dir /usr/lib/llvm-14/lib/clang/14.0.0 -dependency-file CMakeFiles/cmTC_b4c7c.dir/CMakeCXXCompilerABI.cpp.o.d -MT CMakeFiles/cmTC_b4c7c.dir/CMakeCXXCompilerABI.cpp.o -sys-header-deps -internal-isystem /usr/bin/../lib/gcc/aarch64-linux-gnu/12/../../../../include/c++ -internal-isystem /usr/bin/../lib/gcc/aarch64-linux-gnu/12/../../../../include/c++/aarch64-linux-gnu -internal-isystem /usr/bin/../lib/gcc/aarch64-linux-gnu/12/../../../../include/c++/backward -internal-isystem /usr/lib/llvm-14/lib/clang/14.0.0/include -internal-isystem /usr/local/include -internal-isystem /usr/bin/../lib/gcc/aarch64-linux-gnu/12/../../../../aarch64-linux-gnu/include -internal-externc-isystem /usr/include/aarch64-linux-gnu -internal-externc-isystem /include -internal-externc-isystem /usr/include -fdeprecated-macro -fdebug-compilation-dir=/home/ecm/ws_msp/src/msp_offboard_controller/build/CMakeFiles/CMakeTmp -ferror-limit 19 -fno-signed-char -fgnuc-version=4.2.1 -fcxx-exceptions -fexceptions -target-feature +outline-atomics -faddrsig -D__GCC_HAVE_DWARF2_CFI_ASM=1 -o CMakeFiles/cmTC_b4c7c.dir/CMakeCXXCompilerABI.cpp.o -x c++ /usr/share/cmake-3.22/Modules/CMakeCXXCompilerABI.cpp
clang -cc1 version 14.0.0 based upon LLVM 14.0.0 default target aarch64-unknown-linux-gnu
ignoring nonexistent directory "/usr/bin/../lib/gcc/aarch64-linux-gnu/12/../../../../include/c++/aarch64-linux-gnu"
ignoring nonexistent directory "/usr/bin/../lib/gcc/aarch64-linux-gnu/12/../../../../include/c++/backward"
ignoring nonexistent directory "/usr/bin/../lib/gcc/aarch64-linux-gnu/12/../../../../aarch64-linux-gnu/include"
ignoring nonexistent directory "/include"
#include "..." search starts here:
#include <...> search starts here:
 /usr/bin/../lib/gcc/aarch64-linux-gnu/12/../../../../include/c++
 /usr/lib/llvm-14/lib/clang/14.0.0/include
 /usr/local/include
 /usr/include/aarch64-linux-gnu
 /usr/include
End of search list.
[2/2] Linking CXX executable cmTC_b4c7c
FAILED: cmTC_b4c7c 
: && /usr/bin/clang++-14  -v CMakeFiles/cmTC_b4c7c.dir/CMakeCXXCompilerABI.cpp.o -o cmTC_b4c7c   && :
Ubuntu clang version 14.0.0-1ubuntu1.1
Target: aarch64-unknown-linux-gnu
Thread model: posix
InstalledDir: /usr/bin
Found candidate GCC installation: /usr/bin/../lib/gcc/aarch64-linux-gnu/11
Found candidate GCC installation: /usr/bin/../lib/gcc/aarch64-linux-gnu/12
Selected GCC installation: /usr/bin/../lib/gcc/aarch64-linux-gnu/12
Candidate multilib: .;@m64
Selected multilib: .;@m64
 "/usr/bin/ld" -pie -EL -z relro --hash-style=gnu --build-id --eh-frame-hdr -m aarch64linux -dynamic-linker /lib/ld-linux-aarch64.so.1 -o cmTC_b4c7c /lib/aarch64-linux-gnu/Scrt1.o /lib/aarch64-linux-gnu/crti.o /usr/bin/../lib/gcc/aarch64-linux-gnu/12/crtbeginS.o -L/usr/bin/../lib/gcc/aarch64-linux-gnu/12 -L/lib/aarch64-linux-gnu -L/usr/lib/aarch64-linux-gnu -L/usr/lib/llvm-14/bin/../lib -L/lib -L/usr/lib CMakeFiles/cmTC_b4c7c.dir/CMakeCXXCompilerABI.cpp.o -lstdc++ -lm -lgcc_s -lgcc -lc -lgcc_s -lgcc /usr/bin/../lib/gcc/aarch64-linux-gnu/12/crtendS.o /lib/aarch64-linux-gnu/crtn.o
/usr/bin/ld: cannot find -lstdc++: No such file or directory
clang: error: linker command failed with exit code 1 (use -v to see invocation)
ninja: build stopped: subcommand failed.




Determining if the CXX compiler works failed with the following output:
Change Dir: /home/ecm/ws_msp/src/msp_offboard_controller/build/CMakeFiles/CMakeTmp

Run Build Command(s):/usr/bin/ninja cmTC_2c8ba && [1/2] Building CXX object CMakeFiles/cmTC_2c8ba.dir/testCXXCompiler.cxx.o
[2/2] Linking CXX executable cmTC_2c8ba
FAILED: cmTC_2c8ba 
: && /usr/bin/clang++-14   CMakeFiles/cmTC_2c8ba.dir/testCXXCompiler.cxx.o -o cmTC_2c8ba   && :
/usr/bin/ld: cannot find -lstdc++: No such file or directory
clang: error: linker command failed with exit code 1 (use -v to see invocation)
ninja: build stopped: subcommand failed.



Compiling the CXX compiler identification source file "CMakeCXXCompilerId.cpp" failed.
Compiler: /usr/bin/clang++-14 
Build flags: 
Id flags:  

The output was:
1
/usr/bin/ld: cannot find -lstdc++: No such file or directory
clang: error: linker command failed with exit code 1 (use -v to see invocation)


Detecting CXX compiler ABI info failed to compile with the following output:
Change Dir: /home/ecm/ws_msp/src/msp_offboard_controller/build/CMakeFiles/CMakeTmp

Run Build Command(s):/usr/bin/ninja cmTC_30d7b && [1/2] Building CXX object CMakeFiles/cmTC_30d7b.dir/CMakeCXXCompilerABI.cpp.o
Ubuntu clang version 14.0.0-1ubuntu1.1
Target: aarch64-unknown-linux-gnu
Thread model: posix
InstalledDir: /usr/bin
Found candidate GCC installation: /usr/bin/../lib/gcc/aarch64-linux-gnu/11
Found candidate GCC installation: /usr/bin/../lib/gcc/aarch64-linux-gnu/12
Selected GCC installation: /usr/bin/../lib/gcc/aarch64-linux-gnu/12
Candidate multilib: .;@m64
Selected multilib: .;@m64
 (in-process)
 "/usr/lib/llvm-14/bin/clang" -cc1 -triple aarch64-unknown-linux-gnu -emit-obj -mrelax-all --mrelax-relocations -disable-free -clear-ast-before-backend -disable-llvm-verifier -discard-value-names -main-file-name CMakeCXXCompilerABI.cpp -mrelocation-model pic -pic-level 2 -pic-is-pie -mframe-pointer=non-leaf -fmath-errno -ffp-contract=on -fno-rounding-math -mconstructor-aliases -funwind-tables=2 -target-cpu generic -target-feature +neon -target-feature +v8a -target-abi aapcs -fallow-half-arguments-and-returns -mllvm -treat-scalable-fixed-error-as-warning -debugger-tuning=gdb -v -fcoverage-compilation-dir=/home/ecm/ws_msp/src/msp_offboard_controller/build/CMakeFiles/CMakeTmp -resource-dir /usr/lib/llvm-14/lib/clang/14.0.0 -dependency-file CMakeFiles/cmTC_30d7b.dir/CMakeCXXCompilerABI.cpp.o.d -MT CMakeFiles/cmTC_30d7b.dir/CMakeCXXCompilerABI.cpp.o -sys-header-deps -internal-isystem /usr/bin/../lib/gcc/aarch64-linux-gnu/12/../../../../include/c++ -internal-isystem /usr/bin/../lib/gcc/aarch64-linux-gnu/12/../../../../include/c++/aarch64-linux-gnu -internal-isystem /usr/bin/../lib/gcc/aarch64-linux-gnu/12/../../../../include/c++/backward -internal-isystem /usr/lib/llvm-14/lib/clang/14.0.0/include -internal-isystem /usr/local/include -internal-isystem /usr/bin/../lib/gcc/aarch64-linux-gnu/12/../../../../aarch64-linux-gnu/include -internal-externc-isystem /usr/include/aarch64-linux-gnu -internal-externc-isystem /include -internal-externc-isystem /usr/include -fdeprecated-macro -fdebug-compilation-dir=/home/ecm/ws_msp/src/msp_offboard_controller/build/CMakeFiles/CMakeTmp -ferror-limit 19 -fno-signed-char -fgnuc-version=4.2.1 -fcxx-exceptions -fexceptions -target-feature +outline-atomics -faddrsig -D__GCC_HAVE_DWARF2_CFI_ASM=1 -o CMakeFiles/cmTC_30d7b.dir/CMakeCXXCompilerABI.cpp.o -x c++ /usr/share/cmake-3.22/Modules/CMakeCXXCompilerABI.cpp
clang -cc1 version 14.0.0 based upon LLVM 14.0.0 default target aarch64-unknown-linux-gnu
ignoring nonexistent directory "/usr/bin/../lib/gcc/aarch64-linux-gnu/12/../../../../include/c++/aarch64-linux-gnu"
ignoring nonexistent directory "/usr/bin/../lib/gcc/aarch64-linux-gnu/12/../../../../include/c++/backward"
ignoring nonexistent directory "/usr/bin/../lib/gcc/aarch64-linux-gnu/12/../../../../aarch64-linux-gnu/include"
ignoring nonexistent directory "/include"
#include "..." search starts here:
#include <...> search starts here:
 /usr/bin/../lib/gcc/aarch64-linux-gnu/12/../../../../include/c++
 /usr/lib/llvm-14/lib/clang/14.0.0/include
 /usr/local/include
 /usr/include/aarch64-linux-gnu
 /usr/include
End of search list.
[2/2] Linking CXX executable cmTC_30d7b
FAILED: cmTC_30d7b 
: && /usr/bin/clang++-14  -v CMakeFiles/cmTC_30d7b.dir/CMakeCXXCompilerABI.cpp.o -o cmTC_30d7b   && :
Ubuntu clang version 14.0.0-1ubuntu1.1
Target: aarch64-unknown-linux-gnu
Thread model: posix
InstalledDir: /usr/bin
Found candidate GCC installation: /usr/bin/../lib/gcc/aarch64-linux-gnu/11
Found candidate GCC installation: /usr/bin/../lib/gcc/aarch64-linux-gnu/12
Selected GCC installation: /usr/bin/../lib/gcc/aarch64-linux-gnu/12
Candidate multilib: .;@m64
Selected multilib: .;@m64
 "/usr/bin/ld" -pie -EL -z relro --hash-style=gnu --build-id --eh-frame-hdr -m aarch64linux -dynamic-linker /lib/ld-linux-aarch64.so.1 -o cmTC_30d7b /lib/aarch64-linux-gnu/Scrt1.o /lib/aarch64-linux-gnu/crti.o /usr/bin/../lib/gcc/aarch64-linux-gnu/12/crtbeginS.o -L/usr/bin/../lib/gcc/aarch64-linux-gnu/12 -L/lib/aarch64-linux-gnu -L/usr/lib/aarch64-linux-gnu -L/usr/lib/llvm-14/bin/../lib -L/lib -L/usr/lib CMakeFiles/cmTC_30d7b.dir/CMakeCXXCompilerABI.cpp.o -lstdc++ -lm -lgcc_s -lgcc -lc -lgcc_s -lgcc /usr/bin/../lib/gcc/aarch64-linux-gnu/12/crtendS.o /lib/aarch64-linux-gnu/crtn.o
/usr/bin/ld: cannot find -lstdc++: No such file or directory
clang: error: linker command failed with exit code 1 (use -v to see invocation)
ninja: build stopped: subcommand failed.




Determining if the CXX compiler works failed with the following output:
Change Dir: /home/ecm/ws_msp/src/msp_offboard_controller/build/CMakeFiles/CMakeTmp

Run Build Command(s):/usr/bin/ninja cmTC_e0040 && [1/2] Building CXX object CMakeFiles/cmTC_e0040.dir/testCXXCompiler.cxx.o
[2/2] Linking CXX executable cmTC_e0040
FAILED: cmTC_e0040 
: && /usr/bin/clang++-14   CMakeFiles/cmTC_e0040.dir/testCXXCompiler.cxx.o -o cmTC_e0040   && :
/usr/bin/ld: cannot find -lstdc++: No such file or directory
clang: error: linker command failed with exit code 1 (use -v to see invocation)
ninja: build stopped: subcommand failed.



Compiling the CXX compiler identification source file "CMakeCXXCompilerId.cpp" failed.
Compiler: /usr/bin/clang++-14 
Build flags: 
Id flags:  

The output was:
1
/usr/bin/ld: cannot find -lstdc++: No such file or directory
clang: error: linker command failed with exit code 1 (use -v to see invocation)


Detecting CXX compiler ABI info failed to compile with the following output:
Change Dir: /home/ecm/ws_msp/src/msp_offboard_controller/build/CMakeFiles/CMakeTmp

Run Build Command(s):/usr/bin/ninja cmTC_0891e && [1/2] Building CXX object CMakeFiles/cmTC_0891e.dir/CMakeCXXCompilerABI.cpp.o
Ubuntu clang version 14.0.0-1ubuntu1.1
Target: aarch64-unknown-linux-gnu
Thread model: posix
InstalledDir: /usr/bin
Found candidate GCC installation: /usr/bin/../lib/gcc/aarch64-linux-gnu/11
Found candidate GCC installation: /usr/bin/../lib/gcc/aarch64-linux-gnu/12
Selected GCC installation: /usr/bin/../lib/gcc/aarch64-linux-gnu/12
Candidate multilib: .;@m64
Selected multilib: .;@m64
 (in-process)
 "/usr/lib/llvm-14/bin/clang" -cc1 -triple aarch64-unknown-linux-gnu -emit-obj -mrelax-all --mrelax-relocations -disable-free -clear-ast-before-backend -disable-llvm-verifier -discard-value-names -main-file-name CMakeCXXCompilerABI.cpp -mrelocation-model pic -pic-level 2 -pic-is-pie -mframe-pointer=non-leaf -fmath-errno -ffp-contract=on -fno-rounding-math -mconstructor-aliases -funwind-tables=2 -target-cpu generic -target-feature +neon -target-feature +v8a -target-abi aapcs -fallow-half-arguments-and-returns -mllvm -treat-scalable-fixed-error-as-warning -debugger-tuning=gdb -v -fcoverage-compilation-dir=/home/ecm/ws_msp/src/msp_offboard_controller/build/CMakeFiles/CMakeTmp -resource-dir /usr/lib/llvm-14/lib/clang/14.0.0 -dependency-file CMakeFiles/cmTC_0891e.dir/CMakeCXXCompilerABI.cpp.o.d -MT CMakeFiles/cmTC_0891e.dir/CMakeCXXCompilerABI.cpp.o -sys-header-deps -internal-isystem /usr/bin/../lib/gcc/aarch64-linux-gnu/12/../../../../include/c++ -internal-isystem /usr/bin/../lib/gcc/aarch64-linux-gnu/12/../../../../include/c++/aarch64-linux-gnu -internal-isystem /usr/bin/../lib/gcc/aarch64-linux-gnu/12/../../../../include/c++/backward -internal-isystem /usr/lib/llvm-14/lib/clang/14.0.0/include -internal-isystem /usr/local/include -internal-isystem /usr/bin/../lib/gcc/aarch64-linux-gnu/12/../../../../aarch64-linux-gnu/include -internal-externc-isystem /usr/include/aarch64-linux-gnu -internal-externc-isystem /include -internal-externc-isystem /usr/include -fdeprecated-macro -fdebug-compilation-dir=/home/ecm/ws_msp/src/msp_offboard_controller/build/CMakeFiles/CMakeTmp -ferror-limit 19 -fno-signed-char -fgnuc-version=4.2.1 -fcxx-exceptions -fexceptions -target-feature +outline-atomics -faddrsig -D__GCC_HAVE_DWARF2_CFI_ASM=1 -o CMakeFiles/cmTC_0891e.dir/CMakeCXXCompilerABI.cpp.o -x c++ /usr/share/cmake-3.22/Modules/CMakeCXXCompilerABI.cpp
clang -cc1 version 14.0.0 based upon LLVM 14.0.0 default target aarch64-unknown-linux-gnu
ignoring nonexistent directory "/usr/bin/../lib/gcc/aarch64-linux-gnu/12/../../../../include/c++/aarch64-linux-gnu"
ignoring nonexistent directory "/usr/bin/../lib/gcc/aarch64-linux-gnu/12/../../../../include/c++/backward"
ignoring nonexistent directory "/usr/bin/../lib/gcc/aarch64-linux-gnu/12/../../../../aarch64-linux-gnu/include"
ignoring nonexistent directory "/include"
#include "..." search starts here:
#include <...> search starts here:
 /usr/bin/../lib/gcc/aarch64-linux-gnu/12/../../../../include/c++
 /usr/lib/llvm-14/lib/clang/14.0.0/include
 /usr/local/include
 /usr/include/aarch64-linux-gnu
 /usr/include
End of search list.
[2/2] Linking CXX executable cmTC_0891e
FAILED: cmTC_0891e 
: && /usr/bin/clang++-14  -v CMakeFiles/cmTC_0891e.dir/CMakeCXXCompilerABI.cpp.o -o cmTC_0891e   && :
Ubuntu clang version 14.0.0-1ubuntu1.1
Target: aarch64-unknown-linux-gnu
Thread model: posix
InstalledDir: /usr/bin
Found candidate GCC installation: /usr/bin/../lib/gcc/aarch64-linux-gnu/11
Found candidate GCC installation: /usr/bin/../lib/gcc/aarch64-linux-gnu/12
Selected GCC installation: /usr/bin/../lib/gcc/aarch64-linux-gnu/12
Candidate multilib: .;@m64
Selected multilib: .;@m64
 "/usr/bin/ld" -pie -EL -z relro --hash-style=gnu --build-id --eh-frame-hdr -m aarch64linux -dynamic-linker /lib/ld-linux-aarch64.so.1 -o cmTC_0891e /lib/aarch64-linux-gnu/Scrt1.o /lib/aarch64-linux-gnu/crti.o /usr/bin/../lib/gcc/aarch64-linux-gnu/12/crtbeginS.o -L/usr/bin/../lib/gcc/aarch64-linux-gnu/12 -L/lib/aarch64-linux-gnu -L/usr/lib/aarch64-linux-gnu -L/usr/lib/llvm-14/bin/../lib -L/lib -L/usr/lib CMakeFiles/cmTC_0891e.dir/CMakeCXXCompilerABI.cpp.o -lstdc++ -lm -lgcc_s -lgcc -lc -lgcc_s -lgcc /usr/bin/../lib/gcc/aarch64-linux-gnu/12/crtendS.o /lib/aarch64-linux-gnu/crtn.o
/usr/bin/ld: cannot find -lstdc++: No such file or directory
clang: error: linker command failed with exit code 1 (use -v to see invocation)
ninja: build stopped: subcommand failed.




Determining if the CXX compiler works failed with the following output:
Change Dir: /home/ecm/ws_msp/src/msp_offboard_controller/build/CMakeFiles/CMakeTmp

Run Build Command(s):/usr/bin/ninja cmTC_6569c && [1/2] Building CXX object CMakeFiles/cmTC_6569c.dir/testCXXCompiler.cxx.o
[2/2] Linking CXX executable cmTC_6569c
FAILED: cmTC_6569c 
: && /usr/bin/clang++-14   CMakeFiles/cmTC_6569c.dir/testCXXCompiler.cxx.o -o cmTC_6569c   && :
/usr/bin/ld: cannot find -lstdc++: No such file or directory
clang: error: linker command failed with exit code 1 (use -v to see invocation)
ninja: build stopped: subcommand failed.



